<?xml version="1.0" encoding="UTF-8"?>
<!-- Generated by org.testng.reporters.JUnitReportReporter -->
<testsuite skipped="0" hostname="Bhumit-PC" name="Tests.BarnabasStagingTest" tests="5" failures="0" timestamp="2021-05-19T11:47:50 IST" time="134.819" errors="0">
  <testcase name="barnabas_001_verifyLoginApplication" time="7.386" classname="Tests.BarnabasStagingTest"/>
  <system-out>
verify user login successfully to application.  </system-out>
  <testcase name="barnabas_002_verifyNewCreatedEvent" time="92.724" classname="Tests.BarnabasStagingTest"/>
  <system-out>
New event created Successfully.  </system-out>
  <testcase name="barnabas_003_verifyEditEvent" time="13.065" classname="Tests.BarnabasStagingTest"/>
  <system-out>
Edited event verify Successfully.  </system-out>
  <testcase name="barnabas_004_verifyDuplicateEvent" time="8.061" classname="Tests.BarnabasStagingTest"/>
  <system-out>
Duplicate event verify Successfully.  </system-out>
  <testcase name="barnabas_005_verifySortingOfEvent" time="13.583" classname="Tests.BarnabasStagingTest"/>
  <system-out>
Sorting of event verify Successfully..  </system-out>
</testsuite> <!-- Tests.BarnabasStagingTest -->
