<?xml version="1.0" encoding="UTF-8"?>
<!-- Generated by org.testng.reporters.JUnitReportReporter -->
<testsuite skipped="4" hostname="Bhumit-PC" name="Tests.BarnabasStagingTest" tests="5" failures="0" timestamp="2021-05-16T11:16:58 IST" time="5.226" errors="0">
  <testcase name="barnabas_001_verifyLoginApplication" time="5.226" classname="Tests.BarnabasStagingTest"/>
  <system-out>
verify user login successfully to application.  </system-out>
  <testcase name="barnabas_004_verifySortingOfEvent" classname="Tests.BarnabasStagingTest">
    <skipped/>
  </testcase> <!-- barnabas_004_verifySortingOfEvent -->
  <system-out/>
  <testcase name="barnabas_003_verifyEditEvent" classname="Tests.BarnabasStagingTest">
    <skipped/>
  </testcase> <!-- barnabas_003_verifyEditEvent -->
  <system-out/>
  <testcase name="barnabas_002_verifyNewCreatedEvent" classname="Tests.BarnabasStagingTest">
    <skipped/>
  </testcase> <!-- barnabas_002_verifyNewCreatedEvent -->
  <system-out/>
  <testcase name="barnabas_004_verifyDuplicateEvent" classname="Tests.BarnabasStagingTest">
    <skipped/>
  </testcase> <!-- barnabas_004_verifyDuplicateEvent -->
  <system-out/>
</testsuite> <!-- Tests.BarnabasStagingTest -->
